The flag 'directory' used in rule all is only valid for outputs, not inputs.
The flag 'directory' used in rule all is only valid for outputs, not inputs.
Building DAG of jobs...
Relative file path './../../raw_fastqs/ERR2242499.fastq.gz' starts with './'. This is redundant and strongly discouraged. It can also lead to inconsistent results of the file-matching approach used by Snakemake. You can simply omit the './' for relative file paths.
Relative file path './../../raw_fastqs/ERR2242481.fastq.gz' starts with './'. This is redundant and strongly discouraged. It can also lead to inconsistent results of the file-matching approach used by Snakemake. You can simply omit the './' for relative file paths.
Relative file path './../../prebuilt_data/GCA_000001405.15_GRCh38_genomic.fna.gz' starts with './'. This is redundant and strongly discouraged. It can also lead to inconsistent results of the file-matching approach used by Snakemake. You can simply omit the './' for relative file paths.
Relative file path './../../prebuilt_data/rep82.fna' starts with './'. This is redundant and strongly discouraged. It can also lead to inconsistent results of the file-matching approach used by Snakemake. You can simply omit the './' for relative file paths.
Using shell: /usr/bin/bash
Provided cores: 6
Rules claiming more threads will be scaled down.
Job counts:
	count	jobs
	1	all
	2	bowtie2
	1	bowtie2_build
	2	fastp_se
	2	minimap2
	1	minimap2_index
	1	multiqc
	2	samtools_decontaminated
	1	woltka_classify
	1	woltka_gotu
	14
Select jobs to execute...

[Fri Jan  8 16:13:13 2021]
rule fastp_se:
    input: ./../../raw_fastqs/ERR2242499.fastq.gz
    output: results/QC_reads/ERR2242499_fastp.fastq, results/QC_reads/failed/ERR2242499_failed.fastq, results/QC_reads/report/ERR2242499_fastp.json, results/QC_reads/report/ERR2242499.html
    log: results/logs/fastp/se/ERR2242499.log
    jobid: 2
    benchmark: results/benchmarks/fastp/se/ERR2242499.tsv
    wildcards: sample=ERR2242499
    threads: 6

[Fri Jan  8 16:13:40 2021]
Finished job 2.
1 of 14 steps (7%) done
Select jobs to execute...

[Fri Jan  8 16:13:40 2021]
rule fastp_se:
    input: ./../../raw_fastqs/ERR2242481.fastq.gz
    output: results/QC_reads/ERR2242481_fastp.fastq, results/QC_reads/failed/ERR2242481_failed.fastq, results/QC_reads/report/ERR2242481_fastp.json, results/QC_reads/report/ERR2242481.html
    log: results/logs/fastp/se/ERR2242481.log
    jobid: 3
    benchmark: results/benchmarks/fastp/se/ERR2242481.tsv
    wildcards: sample=ERR2242481
    threads: 6

[Fri Jan  8 16:14:11 2021]
Finished job 3.
2 of 14 steps (14%) done
Select jobs to execute...

[Fri Jan  8 16:14:11 2021]
rule minimap2_index:
    input: ./../../prebuilt_data/GCA_000001405.15_GRCh38_genomic.fna.gz, results/QC_reads/ERR2242499_fastp.fastq, results/QC_reads/ERR2242481_fastp.fastq
    output: results/minimap2/index/GRCh38.mmi
    log: results/logs/minimap2/index/GRCh38.mmi.log
    jobid: 8
    benchmark: results/benchmarks/minimap/index/GRCh38.mmi.tsv
    threads: 6

Terminating processes on user request, this might take some time.
Cancelling snakemake on user request.
