The flag 'directory' used in rule all is only valid for outputs, not inputs.
The flag 'directory' used in rule all is only valid for outputs, not inputs.
Building DAG of jobs...
Using shell: /usr/bin/bash
Provided cores: 6
Rules claiming more threads will be scaled down.
Job counts:
	count	jobs
	1	all
	2	bowtie2
	1	bowtie2_build
	1	woltka_classify
	1	woltka_gotu
	6
Select jobs to execute...

[Fri Jan  8 15:41:01 2021]
rule bowtie2_build:
    input: ../../../prebuilt_data/rep82.fna, ../results/samtools_decontaminated/ERR2242499_decontaminated.fastq.gz, ../results/samtools_decontaminated/ERR2242481_decontaminated.fastq.gz
    output: ../results/bowtie2/index/idx.1.bt2l, ../results/bowtie2/index/idx.2.bt2l, ../results/bowtie2/index/idx.3.bt2l, ../results/bowtie2/index/idx.4.bt2l, ../results/bowtie2/index/idx.rev.1.bt2l, ../results/bowtie2/index/idx.rev.2.bt2l
    log: ../results/logs/bowtie2/index/idx.1.bt2l.log, ../results/logs/bowtie2/index/idx.2.bt2l.log, ../results/logs/bowtie2/index/idx.3.bt2l.log, ../results/logs/bowtie2/index/idx.4.bt2l.log, ../results/logs/bowtie2/index/idx.rev.1.bt2l.log, ../results/logs/bowtie2/index/idx.rev.2.bt2l.log
    jobid: 9
    threads: 6

Terminating processes on user request, this might take some time.
[Fri Jan  8 15:41:36 2021]
Error in rule bowtie2_build:
    jobid: 9
    output: ../results/bowtie2/index/idx.1.bt2l, ../results/bowtie2/index/idx.2.bt2l, ../results/bowtie2/index/idx.3.bt2l, ../results/bowtie2/index/idx.4.bt2l, ../results/bowtie2/index/idx.rev.1.bt2l, ../results/bowtie2/index/idx.rev.2.bt2l
    log: ../results/logs/bowtie2/index/idx.1.bt2l.log, ../results/logs/bowtie2/index/idx.2.bt2l.log, ../results/logs/bowtie2/index/idx.3.bt2l.log, ../results/logs/bowtie2/index/idx.4.bt2l.log, ../results/logs/bowtie2/index/idx.rev.1.bt2l.log, ../results/logs/bowtie2/index/idx.rev.2.bt2l.log (check log file(s) for error message)
    shell:
        bowtie2-build ../../../prebuilt_data/rep82.fna ../results/bowtie2/index/idx -t 6 --large-index
        (one of the commands exited with non-zero exit code; note that snakemake uses bash strict mode!)

Removing output files of failed job bowtie2_build since they might be corrupted:
../results/bowtie2/index/idx.3.bt2l, ../results/bowtie2/index/idx.4.bt2l
Complete log: /klaster/scratch/kkopera/COVID/microbiome/snakemake/QC_and_FT_advanced/polish-microbiome-project/shallow-shotgun-analysis-workflow/workflow/.snakemake/log/2021-01-08T154100.949290.snakemake.log
