The flag 'directory' used in rule all is only valid for outputs, not inputs.
Building DAG of jobs...
Using shell: /usr/bin/bash
Provided cores: 6
Rules claiming more threads will be scaled down.
Conda environments: ignored
Job counts:
	count	jobs
	1	all
	2	bowtie2
	1	bowtie2_build
	2	fastp_se
	2	minimap2
	1	minimap2_index
	1	multiqc
	2	samtools_decontaminated
	1	woltka_classify
	1	woltka_gotu
	14
Select jobs to execute...

[Thu Jan  7 15:02:03 2021]
rule fastp_se:
    input: ../../../raw_fastqs/ERR2242499.fastq.gz, ../../../prebuilt_data/adapters.fasta
    output: ../results/QC_reads/ERR2242499_fastp.fastq, ../results/QC_reads/failed/ERR2242499_failed.fastq, ../results/QC_reads/report/ERR2242499_fastp.json, ../results/QC_reads/report/ERR2242499.html
    jobid: 2
    wildcards: sample=ERR2242499


[Thu Jan  7 15:02:03 2021]
rule fastp_se:
    input: ../../../raw_fastqs/ERR2242481.fastq.gz, ../../../prebuilt_data/adapters.fasta
    output: ../results/QC_reads/ERR2242481_fastp.fastq, ../results/QC_reads/failed/ERR2242481_failed.fastq, ../results/QC_reads/report/ERR2242481_fastp.json, ../results/QC_reads/report/ERR2242481.html
    jobid: 3
    wildcards: sample=ERR2242481

Terminating processes on user request, this might take some time.
[Thu Jan  7 15:02:06 2021]
[Thu Jan  7 15:02:06 2021]
Error in rule fastp_se:
Error in rule fastp_se:
    jobid: 3
    jobid: 2
    output: ../results/QC_reads/ERR2242481_fastp.fastq, ../results/QC_reads/failed/ERR2242481_failed.fastq, ../results/QC_reads/report/ERR2242481_fastp.json, ../results/QC_reads/report/ERR2242481.html
    output: ../results/QC_reads/ERR2242499_fastp.fastq, ../results/QC_reads/failed/ERR2242499_failed.fastq, ../results/QC_reads/report/ERR2242499_fastp.json, ../results/QC_reads/report/ERR2242499.html
    shell:
        fastp -i ../../../raw_fastqs/ERR2242481.fastq.gz -o ../results/QC_reads/ERR2242481_fastp.fastq --failed_out ../results/QC_reads/failed/ERR2242481_failed.fastq -q 15 -u 40 -y --adapter_fasta ../../../prebuilt_data/adapters.fasta -p -w 5  -j ../results/QC_reads/report/ERR2242481_fastp.json -h ../results/QC_reads/report/ERR2242481.html
        (one of the commands exited with non-zero exit code; note that snakemake uses bash strict mode!)
    shell:
        fastp -i ../../../raw_fastqs/ERR2242499.fastq.gz -o ../results/QC_reads/ERR2242499_fastp.fastq --failed_out ../results/QC_reads/failed/ERR2242499_failed.fastq -q 15 -u 40 -y --adapter_fasta ../../../prebuilt_data/adapters.fasta -p -w 5  -j ../results/QC_reads/report/ERR2242499_fastp.json -h ../results/QC_reads/report/ERR2242499.html
        (one of the commands exited with non-zero exit code; note that snakemake uses bash strict mode!)


Complete log: /klaster/scratch/kkopera/COVID/microbiome/snakemake/QC_and_FT_advanced/polish-microbiome-project/shallow-shotgun-analysis-workflow/workflow/.snakemake/log/2021-01-07T150203.484216.snakemake.log
