The flag 'directory' used in rule all is only valid for outputs, not inputs.
The flag 'directory' used in rule all is only valid for outputs, not inputs.
Building DAG of jobs...
Job counts:
	count	jobs
	1	all
	2	bowtie2
	1	bowtie2_build
	2	fastp_se
	2	minimap2
	1	minimap2_index
	1	multiqc
	2	samtools_decontaminated
	1	woltka_classify
	1	woltka_gotu
	14

[Fri Jan  8 13:19:29 2021]
rule fastp_se:
    input: ../../../raw_fastqs/ERR2242499.fastq.gz
    output: ../results/QC_reads/ERR2242499_fastp.fastq, ../results/QC_reads/failed/ERR2242499_failed.fastq, ../results/QC_reads/report/ERR2242499_fastp.json, ../results/QC_reads/report/ERR2242499.html
    log: ../results/logs/fastp/se/ERR2242499.log
    jobid: 2
    benchmark: ../results/benchmarks/fastp/se/ERR2242499.tsv
    wildcards: sample=ERR2242499

RuleException in line 18 of /klaster/scratch/kkopera/COVID/microbiome/snakemake/QC_and_FT_advanced/polish-microbiome-project/shallow-shotgun-analysis-workflow/workflow/Snakefile:
'Params' object has no attribute ''adapters''
  File "/home/kkopera/.conda/envs/snakemake-2/lib/python3.6/site-packages/snakemake/executors/__init__.py", line 135, in run_jobs
  File "/home/kkopera/.conda/envs/snakemake-2/lib/python3.6/site-packages/snakemake/executors/__init__.py", line 140, in run
  File "/home/kkopera/.conda/envs/snakemake-2/lib/python3.6/site-packages/snakemake/executors/__init__.py", line 151, in _run
  File "/home/kkopera/.conda/envs/snakemake-2/lib/python3.6/site-packages/snakemake/executors/__init__.py", line 171, in printjob
  File "/home/kkopera/.conda/envs/snakemake-2/lib/python3.6/site-packages/snakemake/executors/__init__.py", line 157, in printjob
