The flag 'directory' used in rule all is only valid for outputs, not inputs.
The flag 'directory' used in rule all is only valid for outputs, not inputs.
Building DAG of jobs...
Using shell: /usr/bin/bash
Provided cores: 6
Rules claiming more threads will be scaled down.
Job counts:
	count	jobs
	1	all
	2	bowtie2
	1	bowtie2_build
	2	fastp_se
	2	minimap2
	1	minimap2_index
	1	multiqc
	2	samtools_decontaminated
	1	woltka_classify
	1	woltka_gotu
	14
Select jobs to execute...

[Fri Jan  8 13:15:21 2021]
rule fastp_se:
    input: ../../../raw_fastqs/ERR2242499.fastq.gz
    output: ../results/QC_reads/ERR2242499_fastp.fastq, ../results/QC_reads/failed/ERR2242499_failed.fastq, ../results/QC_reads/report/ERR2242499_fastp.json, ../results/QC_reads/report/ERR2242499.html
    log: ../results/logs/fastp/se/ERR2242499.log
    jobid: 2
    benchmark: ../results/benchmarks/fastp/se/ERR2242499.tsv
    wildcards: sample=ERR2242499
    threads: 6

RuleException in line 18 of /klaster/scratch/kkopera/COVID/microbiome/snakemake/QC_and_FT_advanced/polish-microbiome-project/shallow-shotgun-analysis-workflow/workflow/Snakefile:
NameError: The name 'adapters' is unknown in this context. Please make sure that you defined that variable. Also note that braces not used for variable access have to be escaped by repeating them, i.e. {{print $1}}
  File "/home/kkopera/.conda/envs/snakemake-2/lib/python3.6/site-packages/snakemake/executors/__init__.py", line 135, in run_jobs
  File "/home/kkopera/.conda/envs/snakemake-2/lib/python3.6/site-packages/snakemake/executors/__init__.py", line 433, in run
  File "/home/kkopera/.conda/envs/snakemake-2/lib/python3.6/site-packages/snakemake/executors/__init__.py", line 225, in _run
  File "/home/kkopera/.conda/envs/snakemake-2/lib/python3.6/site-packages/snakemake/executors/__init__.py", line 151, in _run
  File "/home/kkopera/.conda/envs/snakemake-2/lib/python3.6/site-packages/snakemake/executors/__init__.py", line 157, in printjob
