The flag 'directory' used in rule all is only valid for outputs, not inputs.
Building DAG of jobs...
Using shell: /usr/bin/bash
Provided cores: 6
Rules claiming more threads will be scaled down.
Job counts:
	count	jobs
	1	all
	2	bowtie2
	1	bowtie2_build
	2	samtools_decontaminated
	1	woltka_classify
	1	woltka_gotu
	8
Select jobs to execute...

[Fri Jan  8 11:56:48 2021]
rule samtools_decontaminated:
    input: ../results/minimap2/ERR2242499.sam
    output: ../results/samtools_decontaminated/ERR2242499_decontaminated.fastq.gz
    log: ../results/logs/samtools/ERR2242499.log
    jobid: 6
    benchmark: ../results/benchmarks/samtools/ERR2242499.tsv
    wildcards: sample=ERR2242499


[Fri Jan  8 11:56:48 2021]
rule samtools_decontaminated:
    input: ../results/minimap2/ERR2242481.sam
    output: ../results/samtools_decontaminated/ERR2242481_decontaminated.fastq.gz
    log: ../results/logs/samtools/ERR2242481.log
    jobid: 10
    benchmark: ../results/benchmarks/samtools/ERR2242481.tsv
    wildcards: sample=ERR2242481

[Fri Jan  8 11:57:16 2021]
Finished job 6.
1 of 8 steps (12%) done
[Fri Jan  8 11:57:19 2021]
Finished job 10.
2 of 8 steps (25%) done
Select jobs to execute...

[Fri Jan  8 11:57:19 2021]
rule bowtie2_build:
    input: ../../../prebuilt_data/rep82.fna, ../results/samtools_decontaminated/ERR2242499_decontaminated.fastq.gz, ../results/samtools_decontaminated/ERR2242481_decontaminated.fastq.gz
    output: ../results/bowtie2/index/idx.1.bt2l, ../results/bowtie2/index/idx.2.bt2l, ../results/bowtie2/index/idx.3.bt2l, ../results/bowtie2/index/idx.4.bt2l, ../results/bowtie2/index/idx.rev.1.bt2l, ../results/bowtie2/index/idx.rev.2.bt2l
    log: ../results/logs/bowtie2/index/idx.1.bt2l.log, ../results/logs/bowtie2/index/idx.2.bt2l.log, ../results/logs/bowtie2/index/idx.3.bt2l.log, ../results/logs/bowtie2/index/idx.4.bt2l.log, ../results/logs/bowtie2/index/idx.rev.1.bt2l.log, ../results/logs/bowtie2/index/idx.rev.2.bt2l.log
    jobid: 9
    threads: 6

[Fri Jan  8 11:57:19 2021]
Error in rule bowtie2_build:
    jobid: 9
    output: ../results/bowtie2/index/idx.1.bt2l, ../results/bowtie2/index/idx.2.bt2l, ../results/bowtie2/index/idx.3.bt2l, ../results/bowtie2/index/idx.4.bt2l, ../results/bowtie2/index/idx.rev.1.bt2l, ../results/bowtie2/index/idx.rev.2.bt2l
    log: ../results/logs/bowtie2/index/idx.1.bt2l.log, ../results/logs/bowtie2/index/idx.2.bt2l.log, ../results/logs/bowtie2/index/idx.3.bt2l.log, ../results/logs/bowtie2/index/idx.4.bt2l.log, ../results/logs/bowtie2/index/idx.rev.1.bt2l.log, ../results/logs/bowtie2/index/idx.rev.2.bt2l.log (check log file(s) for error message)
    shell:
        bowtie2-build ../../../prebuilt_data/rep82.fna bowtie2/index/idx -t 6 --large-index
        (one of the commands exited with non-zero exit code; note that snakemake uses bash strict mode!)

Shutting down, this might take some time.
Exiting because a job execution failed. Look above for error message
Complete log: /klaster/scratch/kkopera/COVID/microbiome/snakemake/QC_and_FT_advanced/polish-microbiome-project/shallow-shotgun-analysis-workflow/workflow/.snakemake/log/2021-01-08T115648.397218.snakemake.log
