The flag 'directory' used in rule all is only valid for outputs, not inputs.
Building DAG of jobs...
Using shell: /usr/bin/bash
Provided cores: 6
Rules claiming more threads will be scaled down.
Job counts:
	count	jobs
	1	all
	2	bowtie2
	1	bowtie2_build
	2	minimap2
	1	minimap2_index
	2	samtools_decontaminated
	1	woltka_classify
	1	woltka_gotu
	11
Select jobs to execute...

[Fri Jan  8 11:48:30 2021]
rule minimap2_index:
    input: ../../../prebuilt_data/GCA_000001405.15_GRCh38_genomic.fna.gz, ../results/QC_reads/ERR2242499_fastp.fastq, ../results/QC_reads/ERR2242481_fastp.fastq
    output: ../results/minimap2/index/GRCh38.mmi
    log: ../results/logs/minimap2/index/GRCh38.mmi.log
    jobid: 8
    benchmark: ../results/benchmarks/minimap/index/GRCh38.mmi.tsv
    threads: 3

[Fri Jan  8 11:51:46 2021]
Finished job 8.
1 of 11 steps (9%) done
Select jobs to execute...

[Fri Jan  8 11:51:46 2021]
rule minimap2:
    input: ../results/QC_reads/ERR2242499_fastp.fastq, ../results/minimap2/index/GRCh38.mmi
    output: ../results/minimap2/ERR2242499.sam
    log: ../results/logs/minimap2/mapped/ERR2242499.log
    jobid: 7
    benchmark: ../results/benchmarks/minimap/mapped/ERR2242499.tsv
    wildcards: sample=ERR2242499
    threads: 6

[Fri Jan  8 11:52:23 2021]
Finished job 7.
2 of 11 steps (18%) done
Select jobs to execute...

[Fri Jan  8 11:52:23 2021]
rule minimap2:
    input: ../results/QC_reads/ERR2242481_fastp.fastq, ../results/minimap2/index/GRCh38.mmi
    output: ../results/minimap2/ERR2242481.sam
    log: ../results/logs/minimap2/mapped/ERR2242481.log
    jobid: 11
    benchmark: ../results/benchmarks/minimap/mapped/ERR2242481.tsv
    wildcards: sample=ERR2242481
    threads: 6

[Fri Jan  8 11:53:04 2021]
Finished job 11.
3 of 11 steps (27%) done
Select jobs to execute...

[Fri Jan  8 11:53:04 2021]
rule samtools_decontaminated:
    input: ../results/minimap2/ERR2242481.sam
    output: ../results/samtools_decontaminated/ERR2242481_decontaminated.fastq.gz
    log: ../results/logs/samtools/ERR2242481.log
    jobid: 10
    benchmark: ../results/benchmarks/samtools/ERR2242481.tsv
    wildcards: sample=ERR2242481


[Fri Jan  8 11:53:04 2021]
rule samtools_decontaminated:
    input: ../results/minimap2/ERR2242499.sam
    output: ../results/samtools_decontaminated/ERR2242499_decontaminated.fastq.gz
    log: ../results/logs/samtools/ERR2242499.log
    jobid: 6
    benchmark: ../results/benchmarks/samtools/ERR2242499.tsv
    wildcards: sample=ERR2242499

[Fri Jan  8 11:53:04 2021]
Error in rule samtools_decontaminated:
[Fri Jan  8 11:53:04 2021]
    jobid: 6
Error in rule samtools_decontaminated:
    output: ../results/samtools_decontaminated/ERR2242499_decontaminated.fastq.gz
    jobid: 10
    log: ../results/logs/samtools/ERR2242499.log (check log file(s) for error message)
    output: ../results/samtools_decontaminated/ERR2242481_decontaminated.fastq.gz
    shell:
        samtools view -buSh -f 4 ../results/minimap2/ERR2242499.sam | samtools fastq - | pigz -9 -c - > ../results/samtools_decontaminated/ERR2242499_decontaminated.fastq.gz
        (one of the commands exited with non-zero exit code; note that snakemake uses bash strict mode!)
    log: ../results/logs/samtools/ERR2242481.log (check log file(s) for error message)

    shell:
        samtools view -buSh -f 4 ../results/minimap2/ERR2242481.sam | samtools fastq - | pigz -9 -c - > ../results/samtools_decontaminated/ERR2242481_decontaminated.fastq.gz
        (one of the commands exited with non-zero exit code; note that snakemake uses bash strict mode!)

Removing output files of failed job samtools_decontaminated since they might be corrupted:
../results/samtools_decontaminated/ERR2242499_decontaminated.fastq.gz
Removing output files of failed job samtools_decontaminated since they might be corrupted:
../results/samtools_decontaminated/ERR2242481_decontaminated.fastq.gz
Shutting down, this might take some time.
Exiting because a job execution failed. Look above for error message
Complete log: /klaster/scratch/kkopera/COVID/microbiome/snakemake/QC_and_FT_advanced/polish-microbiome-project/shallow-shotgun-analysis-workflow/workflow/.snakemake/log/2021-01-08T114830.023038.snakemake.log
