The flag 'directory' used in rule all is only valid for outputs, not inputs.
Building DAG of jobs...
Using shell: /usr/bin/bash
Provided cores: 6
Rules claiming more threads will be scaled down.
Job counts:
	count	jobs
	1	all
	2	bowtie2
	1	bowtie2_build
	2	fastp_se
	2	minimap2
	1	minimap2_index
	1	multiqc
	2	samtools_decontaminated
	1	woltka_classify
	1	woltka_gotu
	14
Select jobs to execute...

[Fri Jan  8 12:24:43 2021]
rule fastp_se:
    input: ../../../raw_fastqs/ERR2242499.fastq.gz
    output: ../results/QC_reads/ERR2242499_fastp.fastq, ../results/QC_reads/failed/ERR2242499_failed.fastq, ../results/QC_reads/report/ERR2242499_fastp.json, ../results/QC_reads/report/ERR2242499.html
    log: ../results/logs/fastp/se/ERR2242499.log
    jobid: 2
    benchmark: ../results/benchmarks/fastp/se/ERR2242499.tsv
    wildcards: sample=ERR2242499
    threads: 6

[Fri Jan  8 12:25:11 2021]
Finished job 2.
1 of 14 steps (7%) done
Select jobs to execute...

[Fri Jan  8 12:25:11 2021]
rule fastp_se:
    input: ../../../raw_fastqs/ERR2242481.fastq.gz
    output: ../results/QC_reads/ERR2242481_fastp.fastq, ../results/QC_reads/failed/ERR2242481_failed.fastq, ../results/QC_reads/report/ERR2242481_fastp.json, ../results/QC_reads/report/ERR2242481.html
    log: ../results/logs/fastp/se/ERR2242481.log
    jobid: 3
    benchmark: ../results/benchmarks/fastp/se/ERR2242481.tsv
    wildcards: sample=ERR2242481
    threads: 6

Terminating processes on user request, this might take some time.
[Fri Jan  8 12:25:38 2021]
Error in rule fastp_se:
    jobid: 3
    output: ../results/QC_reads/ERR2242481_fastp.fastq, ../results/QC_reads/failed/ERR2242481_failed.fastq, ../results/QC_reads/report/ERR2242481_fastp.json, ../results/QC_reads/report/ERR2242481.html
    log: ../results/logs/fastp/se/ERR2242481.log (check log file(s) for error message)
    shell:
        fastp -i ../../../raw_fastqs/ERR2242481.fastq.gz -o ../results/QC_reads/ERR2242481_fastp.fastq --failed_out ../results/QC_reads/failed/ERR2242481_failed.fastq -q 15 -u 40 -y -p --adapter_fasta ../../../prebuilt_data/adapters.fasta -j ../results/QC_reads/report/ERR2242481_fastp.json -h ../results/QC_reads/report/ERR2242481.html -w 6
        (one of the commands exited with non-zero exit code; note that snakemake uses bash strict mode!)

Removing output files of failed job fastp_se since they might be corrupted:
../results/QC_reads/ERR2242481_fastp.fastq, ../results/QC_reads/failed/ERR2242481_failed.fastq
Complete log: /klaster/scratch/kkopera/COVID/microbiome/snakemake/QC_and_FT_advanced/polish-microbiome-project/shallow-shotgun-analysis-workflow/workflow/.snakemake/log/2021-01-08T122443.824682.snakemake.log
